<?xml version="1.0" encoding="UTF-8"?>
<!-- Generated by org.testng.reporters.JUnitReportReporter -->
<testsuite hostname="DESKTOP-8GPJC4Q" failures="0" tests="2" name="july2.annoations" time="0.014" errors="0" timestamp="2022-10-14T12:46:30 IST" skipped="0">
  <testcase classname="july2.annoations" name="Tc02" time="0.003"/>
  <system-out/>
  <testcase classname="july2.annoations" name="Tc01" time="0.011"/>
  <system-out/>
</testsuite> <!-- july2.annoations -->
