<?xml version="1.0" encoding="UTF-8"?>
<!-- Generated by org.testng.reporters.JUnitReportReporter -->
<testsuite hostname="DESKTOP-8GPJC4Q" failures="0" tests="4" name="grouping.testclass2" time="0.024" errors="0" timestamp="2022-10-31T18:01:22 IST" skipped="0">
  <testcase classname="grouping.testclass2" name="TC03" time="0.002"/>
  <system-out/>
  <testcase classname="grouping.testclass2" name="TC03" time="0.004"/>
  <system-out/>
  <testcase classname="grouping.testclass2" name="TC01" time="0.003"/>
  <system-out/>
  <testcase classname="grouping.testclass2" name="TC01" time="0.015"/>
  <system-out/>
</testsuite> <!-- grouping.testclass2 -->
